<?xml version="1.0" encoding="UTF-8"?>
<!-- Generated by org.testng.reporters.JUnitReportReporter -->
<testsuite hostname="Prashanth" failures="0" tests="1" name="driverconfiguration.DriverOptions" time="0.003" errors="0" timestamp="2023-01-15T22:20:46 IST" skipped="0">
  <testcase classname="driverconfiguration.DriverOptions" name="StartTest" time="0.003"/>
  <system-out/>
</testsuite> <!-- driverconfiguration.DriverOptions -->
