<?xml version="1.0" encoding="UTF-8"?>
<!-- Generated by org.testng.reporters.JUnitReportReporter -->
<testsuite hostname="Prashanth" failures="0" tests="1" name="runner.classes.FacebookTest01" time="0.214" errors="0" timestamp="2023-01-15T23:00:36 IST" skipped="0">
  <testcase classname="runner.classes.FacebookTest01" name="fbLoginTest" time="0.214"/>
  <system-out/>
</testsuite> <!-- runner.classes.FacebookTest01 -->
